<?xml version="1.0" encoding="UTF-8"?>
<testng-results ignored="0" total="1" passed="1" failed="0" skipped="0">
  <reporter-output>
  </reporter-output>
  <suite started-at="2024-06-24T07:57:51 EDT" name="Default suite" finished-at="2024-06-24T07:58:14 EDT" duration-ms="22735">
    <groups>
    </groups>
    <test started-at="2024-06-24T07:57:51 EDT" name="Default test" finished-at="2024-06-24T07:58:14 EDT" duration-ms="22735">
      <class name="amazontest.ShoppingcartTest">
        <test-method is-config="true" signature="setup()[pri:0, instance:amazontest.ShoppingcartTest@2892d68]" started-at="2024-06-24T07:57:51 EDT" name="setup" finished-at="2024-06-24T07:57:55 EDT" duration-ms="3934" status="PASS">
          <reporter-output>
          </reporter-output>
        </test-method> <!-- setup -->
        <test-method signature="laststep()[pri:0, instance:amazontest.ShoppingcartTest@2892d68]" started-at="2024-06-24T07:57:55 EDT" name="laststep" finished-at="2024-06-24T07:58:14 EDT" duration-ms="18732" status="PASS">
          <reporter-output>
          </reporter-output>
        </test-method> <!-- laststep -->
      </class> <!-- amazontest.ShoppingcartTest -->
    </test> <!-- Default test -->
  </suite> <!-- Default suite -->
</testng-results>
